<?xml version="1.0" encoding="UTF-8"?>
<!-- Generated by org.testng.reporters.JUnitReportReporter -->
<testsuite hostname="BTPL012" failures="2" tests="5" name="LoginTest.Login_NewUI$YourTestClass" time="35.147" errors="0" timestamp="2025-04-17T16:18:10 IST" skipped="0">
  <testcase classname="LoginTest.Login_NewUI$YourTestClass" name="Verify_Login" time="11.019"/>
  <testcase classname="LoginTest.Login_NewUI$YourTestClass" name="Verify_clicking_PO_Menu" time="5.121"/>
  <testcase classname="LoginTest.Login_NewUI$YourTestClass" name="Verefy_NewUI_Popup" time="0.836"/>
  <testcase classname="LoginTest.Login_NewUI$YourTestClass" name="Verify_clicking_CreateOrder" time="13.163">
    <failure message="❌ Error during Create Order flow: Error {
  message=&#039;Timeout 10000ms exceeded.
  name=&#039;TimeoutError
  stack=&#039;TimeoutError: Timeout 10000ms exceeded.
    at ProgressController.run (C:\Users\Amar\AppData\Local\Temp\playwright-java-15543547605565538963\package\lib\server\progress.js:75:26)
    at Frame.waitForSelector (C:\Users\Amar\AppData\Local\Temp\playwright-java-15543547605565538963\package\lib\server\frames.js:629:23)
    at FrameDispatcher.waitForSelector (C:\Users\Amar\AppData\Local\Temp\playwright-java-15543547605565538963\package\lib\server\dispatchers\frameDispatcher.js:106:103)
    at FrameDispatcher._handleCommand (C:\Users\Amar\AppData\Local\Temp\playwright-java-15543547605565538963\package\lib\server\dispatchers\dispatcher.js:94:40)
    at DispatcherConnection.dispatch (C:\Users\Amar\AppData\Local\Temp\playwright-java-15543547605565538963\package\lib\server\dispatchers\dispatcher.js:361:39)
}
Call log:
-   - waiting for locator(&quot;h1:has-text(&#039;Order Params&#039;)&quot;) to be visible
" type="java.lang.AssertionError">
      <![CDATA[java.lang.AssertionError: ❌ Error during Create Order flow: Error {
  message='Timeout 10000ms exceeded.
  name='TimeoutError
  stack='TimeoutError: Timeout 10000ms exceeded.
    at ProgressController.run (C:\Users\Amar\AppData\Local\Temp\playwright-java-15543547605565538963\package\lib\server\progress.js:75:26)
    at Frame.waitForSelector (C:\Users\Amar\AppData\Local\Temp\playwright-java-15543547605565538963\package\lib\server\frames.js:629:23)
    at FrameDispatcher.waitForSelector (C:\Users\Amar\AppData\Local\Temp\playwright-java-15543547605565538963\package\lib\server\dispatchers\frameDispatcher.js:106:103)
    at FrameDispatcher._handleCommand (C:\Users\Amar\AppData\Local\Temp\playwright-java-15543547605565538963\package\lib\server\dispatchers\dispatcher.js:94:40)
    at DispatcherConnection.dispatch (C:\Users\Amar\AppData\Local\Temp\playwright-java-15543547605565538963\package\lib\server\dispatchers\dispatcher.js:361:39)
}
Call log:
-   - waiting for locator("h1:has-text('Order Params')") to be visible

at org.testng.Assert.fail(Assert.java:111)
at LoginTest.Login_NewUI$YourTestClass.Verify_clicking_CreateOrder(Login_NewUI.java:126)
at java.base/jdk.internal.reflect.DirectMethodHandleAccessor.invoke(DirectMethodHandleAccessor.java:103)
at java.base/java.lang.reflect.Method.invoke(Method.java:580)
at org.testng.internal.invokers.MethodInvocationHelper.invokeMethod(MethodInvocationHelper.java:139)
at org.testng.internal.invokers.TestInvoker.invokeMethod(TestInvoker.java:664)
at org.testng.internal.invokers.TestInvoker.invokeTestMethod(TestInvoker.java:227)
at org.testng.internal.invokers.MethodRunner.runInSequence(MethodRunner.java:50)
at org.testng.internal.invokers.TestInvoker$MethodInvocationAgent.invoke(TestInvoker.java:957)
at org.testng.internal.invokers.TestInvoker.invokeTestMethods(TestInvoker.java:200)
at org.testng.internal.invokers.TestMethodWorker.invokeTestMethods(TestMethodWorker.java:148)
at org.testng.internal.invokers.TestMethodWorker.run(TestMethodWorker.java:128)
at java.base/java.util.ArrayList.forEach(ArrayList.java:1596)
at org.testng.TestRunner.privateRun(TestRunner.java:848)
at org.testng.TestRunner.run(TestRunner.java:621)
at org.testng.SuiteRunner.runTest(SuiteRunner.java:443)
at org.testng.SuiteRunner.runSequentially(SuiteRunner.java:437)
at org.testng.SuiteRunner.privateRun(SuiteRunner.java:397)
at org.testng.SuiteRunner.run(SuiteRunner.java:336)
at org.testng.SuiteRunnerWorker.runSuite(SuiteRunnerWorker.java:52)
at org.testng.SuiteRunnerWorker.run(SuiteRunnerWorker.java:95)
at org.testng.TestNG.runSuitesSequentially(TestNG.java:1280)
at org.testng.TestNG.runSuitesLocally(TestNG.java:1200)
at org.testng.TestNG.runSuites(TestNG.java:1114)
at org.testng.TestNG.run(TestNG.java:1082)
at org.testng.remote.AbstractRemoteTestNG.run(AbstractRemoteTestNG.java:115)
at org.testng.remote.RemoteTestNG.initAndRun(RemoteTestNG.java:293)
at org.testng.remote.RemoteTestNG.main(RemoteTestNG.java:91)
]]>
    </failure>
  </testcase> <!-- Verify_clicking_CreateOrder -->
  <testcase classname="LoginTest.Login_NewUI$YourTestClass" name="Click_On_Exchange_RadioButton" time="5.008">
    <failure message="❌ Failed to click on Exchange radio button: Error {
  message=&#039;Timeout 5000ms exceeded.
  name=&#039;TimeoutError
  stack=&#039;TimeoutError: Timeout 5000ms exceeded.
    at ProgressController.run (C:\Users\Amar\AppData\Local\Temp\playwright-java-15543547605565538963\package\lib\server\progress.js:75:26)
    at Frame.waitForSelector (C:\Users\Amar\AppData\Local\Temp\playwright-java-15543547605565538963\package\lib\server\frames.js:629:23)
    at FrameDispatcher.waitForSelector (C:\Users\Amar\AppData\Local\Temp\playwright-java-15543547605565538963\package\lib\server\dispatchers\frameDispatcher.js:106:103)
    at FrameDispatcher._handleCommand (C:\Users\Amar\AppData\Local\Temp\playwright-java-15543547605565538963\package\lib\server\dispatchers\dispatcher.js:94:40)
    at DispatcherConnection.dispatch (C:\Users\Amar\AppData\Local\Temp\playwright-java-15543547605565538963\package\lib\server\dispatchers\dispatcher.js:361:39)
}
Call log:
-   - waiting for locator(&quot;#mantine-fcp1g5nxo&quot;) to be visible
" type="java.lang.AssertionError">
      <![CDATA[java.lang.AssertionError: ❌ Failed to click on Exchange radio button: Error {
  message='Timeout 5000ms exceeded.
  name='TimeoutError
  stack='TimeoutError: Timeout 5000ms exceeded.
    at ProgressController.run (C:\Users\Amar\AppData\Local\Temp\playwright-java-15543547605565538963\package\lib\server\progress.js:75:26)
    at Frame.waitForSelector (C:\Users\Amar\AppData\Local\Temp\playwright-java-15543547605565538963\package\lib\server\frames.js:629:23)
    at FrameDispatcher.waitForSelector (C:\Users\Amar\AppData\Local\Temp\playwright-java-15543547605565538963\package\lib\server\dispatchers\frameDispatcher.js:106:103)
    at FrameDispatcher._handleCommand (C:\Users\Amar\AppData\Local\Temp\playwright-java-15543547605565538963\package\lib\server\dispatchers\dispatcher.js:94:40)
    at DispatcherConnection.dispatch (C:\Users\Amar\AppData\Local\Temp\playwright-java-15543547605565538963\package\lib\server\dispatchers\dispatcher.js:361:39)
}
Call log:
-   - waiting for locator("#mantine-fcp1g5nxo") to be visible

at org.testng.Assert.fail(Assert.java:111)
at LoginTest.Login_NewUI$YourTestClass.Click_On_Exchange_RadioButton(Login_NewUI.java:140)
at java.base/jdk.internal.reflect.DirectMethodHandleAccessor.invoke(DirectMethodHandleAccessor.java:103)
at java.base/java.lang.reflect.Method.invoke(Method.java:580)
at org.testng.internal.invokers.MethodInvocationHelper.invokeMethod(MethodInvocationHelper.java:139)
at org.testng.internal.invokers.TestInvoker.invokeMethod(TestInvoker.java:664)
at org.testng.internal.invokers.TestInvoker.invokeTestMethod(TestInvoker.java:227)
at org.testng.internal.invokers.MethodRunner.runInSequence(MethodRunner.java:50)
at org.testng.internal.invokers.TestInvoker$MethodInvocationAgent.invoke(TestInvoker.java:957)
at org.testng.internal.invokers.TestInvoker.invokeTestMethods(TestInvoker.java:200)
at org.testng.internal.invokers.TestMethodWorker.invokeTestMethods(TestMethodWorker.java:148)
at org.testng.internal.invokers.TestMethodWorker.run(TestMethodWorker.java:128)
at java.base/java.util.ArrayList.forEach(ArrayList.java:1596)
at org.testng.TestRunner.privateRun(TestRunner.java:848)
at org.testng.TestRunner.run(TestRunner.java:621)
at org.testng.SuiteRunner.runTest(SuiteRunner.java:443)
at org.testng.SuiteRunner.runSequentially(SuiteRunner.java:437)
at org.testng.SuiteRunner.privateRun(SuiteRunner.java:397)
at org.testng.SuiteRunner.run(SuiteRunner.java:336)
at org.testng.SuiteRunnerWorker.runSuite(SuiteRunnerWorker.java:52)
at org.testng.SuiteRunnerWorker.run(SuiteRunnerWorker.java:95)
at org.testng.TestNG.runSuitesSequentially(TestNG.java:1280)
at org.testng.TestNG.runSuitesLocally(TestNG.java:1200)
at org.testng.TestNG.runSuites(TestNG.java:1114)
at org.testng.TestNG.run(TestNG.java:1082)
at org.testng.remote.AbstractRemoteTestNG.run(AbstractRemoteTestNG.java:115)
at org.testng.remote.RemoteTestNG.initAndRun(RemoteTestNG.java:293)
at org.testng.remote.RemoteTestNG.main(RemoteTestNG.java:91)
]]>
    </failure>
  </testcase> <!-- Click_On_Exchange_RadioButton -->
</testsuite> <!-- LoginTest.Login_NewUI$YourTestClass -->
